<?xml version="1.0" encoding="UTF-8"?>
<!-- Generated by org.testng.reporters.JUnitReportReporter -->
<testsuite skipped="0" hostname="Biplab" name="seleniumTests.DragAndDropActions" tests="1" failures="0" timestamp="17 May 2020 05:36:19 GMT" time="12.617" errors="0">
  <testcase name="DragAndDrop" time="12.617" classname="seleniumTests.DragAndDropActions"/>
</testsuite> <!-- seleniumTests.DragAndDropActions -->
