<?xml version="1.0" encoding="UTF-8"?>
<!-- Generated by org.testng.reporters.JUnitReportReporter -->
<testsuite skipped="0" hostname="Biplab" name="seleniumTests.DropdownDamo" tests="1" failures="0" timestamp="16 May 2020 07:13:07 GMT" time="16.566" errors="0">
  <testcase name="Alert" time="16.566" classname="seleniumTests.DropdownDamo"/>
</testsuite> <!-- seleniumTests.DropdownDamo -->
