<?xml version="1.0" encoding="UTF-8"?>
<!-- Generated by org.testng.reporters.JUnitReportReporter -->
<testsuite skipped="0" hostname="Biplab" name="seleniumTests.DataPro" tests="3" failures="0" timestamp="16 May 2020 06:16:31 GMT" time="66.929" errors="0">
  <testcase name="test1" time="19.775" classname="seleniumTests.DataPro"/>
  <testcase name="test1" time="23.619" classname="seleniumTests.DataPro"/>
  <testcase name="test1" time="23.535" classname="seleniumTests.DataPro"/>
</testsuite> <!-- seleniumTests.DataPro -->
