<?xml version="1.0" encoding="UTF-8"?>
<!-- Generated by org.testng.reporters.JUnitReportReporter -->
<testsuite skipped="0" hostname="Biplab" name="seleniumTests.downloadFile" tests="1" failures="0" timestamp="30 Apr 2020 05:08:34 GMT" time="16.648" errors="0">
  <testcase name="download" time="16.648" classname="seleniumTests.downloadFile"/>
</testsuite> <!-- seleniumTests.downloadFile -->
