<?xml version="1.0" encoding="UTF-8"?>
<!-- Generated by org.testng.reporters.JUnitReportReporter -->
<testsuite skipped="0" hostname="Biplab" name="seleniumTests.AlertDemo" tests="1" failures="0" timestamp="10 May 2020 19:31:33 GMT" time="19.200" errors="0">
  <testcase name="Alert" time="19.200" classname="seleniumTests.AlertDemo"/>
</testsuite> <!-- seleniumTests.AlertDemo -->
