<?xml version="1.0" encoding="UTF-8"?>
<!-- Generated by org.testng.reporters.JUnitReportReporter -->
<testsuite skipped="0" hostname="Biplab" name="seleniumTests.ScrollUpAndDown" tests="1" failures="0" timestamp="30 Apr 2020 05:26:31 GMT" time="14.563" errors="0">
  <testcase name="scrollUpAndDown" time="14.563" classname="seleniumTests.ScrollUpAndDown"/>
</testsuite> <!-- seleniumTests.ScrollUpAndDown -->
