<?xml version="1.0" encoding="UTF-8"?>
<!-- Generated by org.testng.reporters.JUnitReportReporter -->
<testsuite skipped="0" hostname="Biplab" name="seleniumTests.MouseHover" tests="1" failures="0" timestamp="17 May 2020 05:43:43 GMT" time="14.598" errors="0">
  <testcase name="MouseAction" time="14.598" classname="seleniumTests.MouseHover"/>
</testsuite> <!-- seleniumTests.MouseHover -->
