<?xml version="1.0" encoding="UTF-8"?>
<!-- Generated by org.testng.reporters.JUnitReportReporter -->
<testsuite skipped="0" hostname="Biplab" name="seleniumTests.HeadLessBrowser" tests="1" failures="0" timestamp="02 May 2020 02:24:36 GMT" time="5.800" errors="0">
  <testcase name="headLessBrowser" time="5.800" classname="seleniumTests.HeadLessBrowser"/>
</testsuite> <!-- seleniumTests.HeadLessBrowser -->
