<?xml version="1.0" encoding="UTF-8"?>
<!-- Generated by org.testng.reporters.JUnitReportReporter -->
<testsuite skipped="0" hostname="Biplab" name="seleniumTests.WindowsHandelAndReturn" tests="1" failures="0" timestamp="17 May 2020 06:07:51 GMT" time="37.156" errors="0">
  <testcase name="WindowsHandel" time="37.156" classname="seleniumTests.WindowsHandelAndReturn"/>
</testsuite> <!-- seleniumTests.WindowsHandelAndReturn -->
